<?xml version="1.0" encoding="UTF-8"?>
<!-- Generated by org.testng.reporters.JUnitXMLReporter -->
<testsuite hostname="DESKTOP-E1K2OQS" name="Default test" tests="3" failures="0" timestamp="26 Nov 2019 17:58:59 GMT" time="6.25" errors="0">
  <testcase name="addPlacePost" time="3.709" classname="RESTFramework.AddBookParametrizationTest"/>
  <testcase name="addPlacePost" time="1.285" classname="RESTFramework.AddBookParametrizationTest"/>
  <testcase name="addPlacePost" time="1.221" classname="RESTFramework.AddBookParametrizationTest"/>
</testsuite> <!-- Default test -->
