<?xml version="1.0" encoding="UTF-8"?>
<!-- Generated by org.testng.reporters.JUnitXMLReporter -->
<testsuite hostname="DESKTOP-E1K2OQS" name="Test" tests="11" failures="0" timestamp="25 Nov 2019 20:25:48 GMT" time="39.623" errors="0">
  <testcase name="CreateJiraIssue" time="8.931" classname="RESTFramework.PracticeJIRA"/>
  <testcase name="JsonFromHashMap" time="1.818" classname="RESTFramework.JSONFromHashMap"/>
  <testcase name="testGet" time="2.201" classname="RESTFramework.GooglePlaceSearch"/>
  <testcase name="addPlacePost" time="1.47" classname="RESTFramework.AddDeletePlaceXml"/>
  <testcase name="createIssue" time="0.394" classname="RESTFramework.JiraApiCreateIssue"/>
  <testcase name="addPlacePost" time="1.271" classname="RESTFramework.AddDeletePlaceJson"/>
  <testcase name="addPlacePost" time="1.257" classname="RESTFramework.AddBookParametrization"/>
  <testcase name="addPlacePost" time="1.279" classname="RESTFramework.AddBookParametrization"/>
  <testcase name="addPlacePost" time="1.258" classname="RESTFramework.AddBookParametrization"/>
  <testcase name="QAuthTest" time="18.115" classname="RESTFramework.OAuth2"/>
  <testcase name="Sample" time="1.25" classname="RESTFramework.JavaPractice"/>
</testsuite> <!-- Test -->
