<?xml version="1.0" encoding="UTF-8"?>
<!-- Generated by org.testng.reporters.JUnitXMLReporter -->
<testsuite hostname="DESKTOP-E1K2OQS" name="Command line test" tests="11" failures="0" timestamp="25 Nov 2019 20:36:24 GMT" time="38.055" errors="0">
  <testcase name="addPlacePost" time="7.018" classname="RESTFramework.AddBookParametrizationTest"/>
  <testcase name="addPlacePost" time="1.282" classname="RESTFramework.AddBookParametrizationTest"/>
  <testcase name="addPlacePost" time="1.328" classname="RESTFramework.AddBookParametrizationTest"/>
  <testcase name="addPlacePost" time="1.395" classname="RESTFramework.AddDeletePlaceJsonTest"/>
  <testcase name="addPlacePost" time="1.567" classname="RESTFramework.AddDeletePlaceXmlTest"/>
  <testcase name="testGet" time="0.821" classname="RESTFramework.GooglePlaceSearchTest"/>
  <testcase name="JsonFromHashMap" time="2.33" classname="RESTFramework.JSONFromHashMapTest"/>
  <testcase name="Sample" time="1.503" classname="RESTFramework.JavaPracticeTest"/>
  <testcase name="createIssue" time="0.546" classname="RESTFramework.JiraApiCreateIssueTest"/>
  <testcase name="QAuthTest" time="18.146" classname="RESTFramework.OAuth2Test"/>
  <testcase name="CreateJiraIssue" time="1.866" classname="RESTFramework.PracticeJIRATest"/>
</testsuite> <!-- Command line test -->
