<?xml version="1.0" encoding="UTF-8"?>
<!-- Generated by org.testng.reporters.JUnitXMLReporter -->
<testsuite hostname="DESKTOP-E1K2OQS" name="Test" tests="11" failures="0" timestamp="26 Nov 2019 18:38:39 GMT" time="48.599" errors="0">
  <testcase name="CreateJiraIssue" time="13.114" classname="RESTFramework.PracticeJIRATest"/>
  <testcase name="JsonFromHashMap" time="2.378" classname="RESTFramework.JSONFromHashMapTest"/>
  <testcase name="testGet" time="2.357" classname="RESTFramework.GooglePlaceSearchTest"/>
  <testcase name="addPlacePost" time="1.583" classname="RESTFramework.AddDeletePlaceXmlTest"/>
  <testcase name="createIssue" time="0.648" classname="RESTFramework.JiraApiCreateIssueTest"/>
  <testcase name="addPlacePost" time="1.586" classname="RESTFramework.AddDeletePlaceJsonTest"/>
  <testcase name="addPlacePost" time="1.195" classname="RESTFramework.AddBookParametrizationTest"/>
  <testcase name="addPlacePost" time="1.221" classname="RESTFramework.AddBookParametrizationTest"/>
  <testcase name="addPlacePost" time="1.21" classname="RESTFramework.AddBookParametrizationTest"/>
  <testcase name="QAuthTest" time="21.656" classname="RESTFramework.OAuth2Test"/>
  <testcase name="Sample" time="1.346" classname="RESTFramework.JavaPracticeTest"/>
</testsuite> <!-- Test -->
