<?xml version="1.0" encoding="UTF-8"?>
<testsuite xmlns:xsi="http://www.w3.org/2001/XMLSchema-instance" xsi:noNamespaceSchemaLocation="https://maven.apache.org/surefire/maven-surefire-plugin/xsd/surefire-test-report-3.0.xsd" version="3.0" name="TestSuite" time="53.919" tests="11" errors="0" skipped="0" failures="0">
  <properties>
[...]
</properties>
  <testcase name="CreateJiraIssue" classname="RESTFramework.PracticeJIRATest" time="13.184"/>
  <testcase name="JsonFromHashMap" classname="RESTFramework.JSONFromHashMapTest" time="2.349"/>
  <testcase name="testGet" classname="RESTFramework.GooglePlaceSearchTest" time="2.316"/>
  <testcase name="addPlacePost" classname="RESTFramework.AddDeletePlaceXmlTest" time="1.583"/>
  <testcase name="createIssue" classname="RESTFramework.JiraApiCreateIssueTest" time="0.658"/>
  <testcase name="addPlacePost" classname="RESTFramework.AddDeletePlaceJsonTest" time="1.583"/>
  <testcase name="addPlacePost" classname="RESTFramework.AddBookParametrizationTest" time="1.271"/>
  <testcase name="addPlacePost" classname="RESTFramework.AddBookParametrizationTest" time="1.211"/>
  <testcase name="addPlacePost" classname="RESTFramework.AddBookParametrizationTest" time="1.184"/>
  <testcase name="QAuthTest" classname="RESTFramework.OAuth2Test" time="21.618"/>
  <testcase name="Sample" classname="RESTFramework.JavaPracticeTest" time="1.394"/>
</testsuite>